<?xml version="1.0" encoding="UTF-8"?>
<!-- Generated by org.testng.reporters.JUnitReportReporter -->
<testsuite hostname="SamirRegmi" failures="0" tests="1" name="com.TestCases.FlightSearchFunctionalityTest" time="48.686" errors="0" timestamp="2022-08-14T15:47:12 PDT" skipped="0">
  <testcase classname="com.TestCases.FlightSearchFunctionalityTest" name="positiveFlightFinderFunctionalityTest" time="48.686"/>
  <system-out/>
</testsuite> <!-- com.TestCases.FlightSearchFunctionalityTest -->
